<?xml version="1.0" encoding="UTF-8"?>
<!-- Generated by org.testng.reporters.JUnitReportReporter -->
<testsuite skipped="0" hostname="Daffy" name="Test.CheckOrientation" tests="2" failures="0" timestamp="1 Dec 2016 04:04:13 GMT" time="19.704" errors="0">
  <testcase name="test2CheckIfDataisPersisted" time="12.464" classname="Test.CheckOrientation"/>
  <testcase name="test1CheckIfAllElementsExist" time="7.240" classname="Test.CheckOrientation"/>
</testsuite> <!-- Test.CheckOrientation -->
