<?xml version="1.0" encoding="UTF-8"?>
<!-- Generated by org.testng.reporters.JUnitReportReporter -->
<testsuite skipped="0" hostname="Daffy" name="Test.CheckOrientation" tests="2" failures="0" timestamp="30 Nov 2016 04:15:45 GMT" time="107.861" errors="0">
  <testcase name="checkIfAllElementsExist" time="107.464" classname="Test.CheckOrientation"/>
  <testcase name="checkIfDataisPersisted" time="0.397" classname="Test.CheckOrientation"/>
</testsuite> <!-- Test.CheckOrientation -->
