<?xml version="1.0" encoding="UTF-8"?>
<!-- Generated by org.testng.reporters.JUnitReportReporter -->
<testsuite skipped="0" hostname="Daffy" name="Test.CheckOrientation" tests="2" failures="0" timestamp="30 Nov 2016 20:39:31 GMT" time="85.065" errors="0">
  <testcase name="test1CheckIfAllElementsExist" time="32.884" classname="Test.CheckOrientation"/>
  <testcase name="test2CheckIfDataisPersisted" time="52.181" classname="Test.CheckOrientation"/>
</testsuite> <!-- Test.CheckOrientation -->
