<?xml version="1.0" encoding="UTF-8"?>
<!-- Generated by org.testng.reporters.JUnitReportReporter -->
<testsuite skipped="0" hostname="Daffy" name="Test.CheckOrientation" tests="2" failures="0" timestamp="30 Nov 2016 12:51:15 GMT" time="88.113" errors="0">
  <testcase name="checkIfAllElementsExist" time="25.243" classname="Test.CheckOrientation"/>
  <testcase name="checkIfDataisPersisted" time="62.870" classname="Test.CheckOrientation"/>
</testsuite> <!-- Test.CheckOrientation -->
