<?xml version="1.0" encoding="UTF-8"?>
<!-- Generated by org.testng.reporters.JUnitReportReporter -->
<testsuite skipped="0" hostname="Daffy" name="Test.TestAppium" tests="1" failures="0" timestamp="30 Nov 2016 00:52:17 GMT" time="107.477" errors="0">
  <testcase name="setUp" time="107.477" classname="Test.TestAppium"/>
</testsuite> <!-- Test.TestAppium -->
