<?xml version="1.0" encoding="UTF-8"?>
<!-- Generated by org.testng.reporters.JUnitReportReporter -->
<testsuite skipped="0" hostname="Daffy" name="Test.TestAppium" tests="1" failures="0" timestamp="30 Nov 2016 03:24:50 GMT" time="94.471" errors="0">
  <testcase name="setUp" time="94.471" classname="Test.TestAppium"/>
</testsuite> <!-- Test.TestAppium -->
